<?xml version="1.0" encoding="UTF-8"?>
<!-- Generated by org.testng.reporters.JUnitXMLReporter -->
<testsuite hostname="DESKTOP-TCFRLFR" ignored="1" name="RegressionTesting" tests="4" failures="0" timestamp="2020-06-03T23:07:02 IST" time="0.185" errors="0">
  <testcase name="tc01pay" time="0.03" classname="Module1.Payment"/>
  <testcase name="tc02pay" time="0.004" classname="Module1.Payment"/>
  <testcase name="tc01email" time="0.003" classname="Module1.Email"/>
  <testcase name="tc03email" time="0.004" classname="Module1.Email"/>
  <testcase name="tc02email" time="0.0" classname="Module1.Email">
    <ignored/>
  </testcase> <!-- tc02email -->
</testsuite> <!-- RegressionTesting -->
